<?xml version="1.0" encoding="UTF-8"?>
<testsuite name="ru.stqa.pft.sandbox.EquationTest" tests="6" skipped="0" failures="0" errors="0" timestamp="2017-11-21T16:57:45" hostname="spb-w0098" time="0.012">
  <properties/>
  <testcase name="test0" classname="ru.stqa.pft.sandbox.EquationTest" time="0.01"/>
  <testcase name="test1" classname="ru.stqa.pft.sandbox.EquationTest" time="0.001"/>
  <testcase name="test3" classname="ru.stqa.pft.sandbox.EquationTest" time="0.0"/>
  <testcase name="testConstant" classname="ru.stqa.pft.sandbox.EquationTest" time="0.0"/>
  <testcase name="testLinear" classname="ru.stqa.pft.sandbox.EquationTest" time="0.0"/>
  <testcase name="testZero" classname="ru.stqa.pft.sandbox.EquationTest" time="0.0"/>
  <system-out><![CDATA[]]></system-out>
  <system-err><![CDATA[]]></system-err>
</testsuite>
